Thu Feb 24 2011 13:13:35 GMT+0100 (CET): {"event":{"method":"POST","path":"/lively_events/event_definitions_updated","parameters":{}},"triggeredWorkers":[]}
Thu Feb 24 2011 13:13:35 GMT+0100 (CET): {"event":{"method":"POST","path":"/lively_events/lively_events_started","parameters":{}},"triggeredWorkers":[{"worker":"config_emitter","parameters":{}}]}
Thu Feb 24 2011 13:13:35 GMT+0100 (CET): {"event":{"method":"POST","path":"/lively_events/worker_changelistener_started","parameters":{}},"triggeredWorkers":[]}
Thu Feb 24 2011 13:13:35 GMT+0100 (CET): {"event":{"method":"POST","path":"/lively_events/worker_source_changed","parameters":{"workername":"messagerewriter"}},"triggeredWorkers":[{"worker":"write_worker_to_disk","parameters":{"workername":"messagerewriter"}}]}
Thu Feb 24 2011 13:13:35 GMT+0100 (CET): {"event":{"method":"POST","path":"/lively_events/worker_source_changed","parameters":{"workername":"writefiles"}},"triggeredWorkers":[{"worker":"write_worker_to_disk","parameters":{"workername":"writefiles"}}]}
Thu Feb 24 2011 13:13:35 GMT+0100 (CET): {"event":{"method":"POST","path":"/lively_events/worker_source_changed","parameters":{"workername":"write_handler"}},"triggeredWorkers":[{"worker":"write_worker_to_disk","parameters":{"workername":"write_handler"}}]}
Thu Feb 24 2011 13:13:35 GMT+0100 (CET): {"event":{"method":"POST","path":"/lively_events/worker_source_changed","parameters":{"workername":"timer"}},"triggeredWorkers":[{"worker":"write_worker_to_disk","parameters":{"workername":"timer"}}]}
Thu Feb 24 2011 13:13:35 GMT+0100 (CET): {"event":{"method":"POST","path":"/lively_events/worker_source_changed","parameters":{"workername":"loadfiles"}},"triggeredWorkers":[{"worker":"write_worker_to_disk","parameters":{"workername":"loadfiles"}}]}
Thu Feb 24 2011 13:13:35 GMT+0100 (CET): {"event":{"method":"POST","path":"/lively_events/worker_source_changed","parameters":{"workername":"load_document"}},"triggeredWorkers":[{"worker":"write_worker_to_disk","parameters":{"workername":"load_document"}}]}
Thu Feb 24 2011 13:13:35 GMT+0100 (CET): {"event":{"method":"POST","path":"/lively_events/worker_source_changed","parameters":{"workername":"filesystem_changelistener"}},"triggeredWorkers":[{"worker":"write_worker_to_disk","parameters":{"workername":"filesystem_changelistener"}}]}
Thu Feb 24 2011 13:13:35 GMT+0100 (CET): {"event":{"method":"POST","path":"/lively_events/worker_source_changed","parameters":{"workername":"emit_document"}},"triggeredWorkers":[{"worker":"write_worker_to_disk","parameters":{"workername":"emit_document"}}]}
Thu Feb 24 2011 13:13:35 GMT+0100 (CET): {"event":{"method":"POST","path":"/lively_events/worker_source_changed","parameters":{"workername":"email"}},"triggeredWorkers":[{"worker":"write_worker_to_disk","parameters":{"workername":"email"}}]}
Thu Feb 24 2011 13:13:35 GMT+0100 (CET): {"event":{"method":"POST","path":"/lively_events/worker_source_changed","parameters":{"workername":"config_emitter"}},"triggeredWorkers":[{"worker":"write_worker_to_disk","parameters":{"workername":"config_emitter"}}]}
Thu Feb 24 2011 13:13:35 GMT+0100 (CET): {"event":{"method":"POST","path":"/lively_events/worker_source_changed","parameters":{"workername":"changelistener"}},"triggeredWorkers":[{"worker":"write_worker_to_disk","parameters":{"workername":"changelistener"}}]}
Thu Feb 24 2011 13:13:35 GMT+0100 (CET): {"event":{"method":"POST","path":"/lively_events/worker_written","parameters":{"docid":"messagerewriter","workername":"messagerewriter"}},"triggeredWorkers":[{"worker":"reset_worker","parameters":{"docid":"messagerewriter","workername":"messagerewriter"}}]}
Thu Feb 24 2011 13:13:35 GMT+0100 (CET): {"event":{"method":"POST","path":"/lively_events/worker_ready/messagerewriter","parameters":{}},"triggeredWorkers":[]}
Thu Feb 24 2011 13:13:35 GMT+0100 (CET): {"event":{"method":"POST","path":"/lively_events/worker_written","parameters":{"docid":"writefiles","workername":"writefiles"}},"triggeredWorkers":[{"worker":"reset_worker","parameters":{"docid":"writefiles","workername":"writefiles"}}]}
Thu Feb 24 2011 13:13:35 GMT+0100 (CET): {"event":{"method":"POST","path":"/lively_events/worker_ready/writefiles","parameters":{}},"triggeredWorkers":[]}
Thu Feb 24 2011 13:13:35 GMT+0100 (CET): {"event":{"method":"POST","path":"/lively_events/worker_written","parameters":{"docid":"write_handler","workername":"write_handler"}},"triggeredWorkers":[{"worker":"reset_worker","parameters":{"docid":"write_handler","workername":"write_handler"}}]}
Thu Feb 24 2011 13:13:35 GMT+0100 (CET): {"event":{"method":"POST","path":"/lively_events/worker_ready/write_handler","parameters":{}},"triggeredWorkers":[]}
Thu Feb 24 2011 13:13:35 GMT+0100 (CET): {"event":{"method":"POST","path":"/lively_events/worker_written","parameters":{"docid":"timer","workername":"timer"}},"triggeredWorkers":[{"worker":"reset_worker","parameters":{"docid":"timer","workername":"timer"}}]}
Thu Feb 24 2011 13:13:35 GMT+0100 (CET): {"event":{"method":"POST","path":"/lively_events/worker_ready/timer","parameters":{}},"triggeredWorkers":[]}
Thu Feb 24 2011 13:13:35 GMT+0100 (CET): {"event":{"method":"POST","path":"/lively_events/worker_written","parameters":{"docid":"loadfiles","workername":"loadfiles"}},"triggeredWorkers":[{"worker":"reset_worker","parameters":{"docid":"loadfiles","workername":"loadfiles"}}]}
Thu Feb 24 2011 13:13:35 GMT+0100 (CET): {"event":{"method":"POST","path":"/lively_events/worker_ready/loadfiles","parameters":{}},"triggeredWorkers":[]}
Thu Feb 24 2011 13:13:35 GMT+0100 (CET): {"event":{"method":"POST","path":"/lively_events/worker_written","parameters":{"docid":"load_document","workername":"load_document"}},"triggeredWorkers":[{"worker":"reset_worker","parameters":{"docid":"load_document","workername":"load_document"}}]}
Thu Feb 24 2011 13:13:35 GMT+0100 (CET): {"event":{"method":"POST","path":"/lively_events/worker_written","parameters":{"docid":"filesystem_changelistener","workername":"filesystem_changelistener"}},"triggeredWorkers":[{"worker":"reset_worker","parameters":{"docid":"filesystem_changelistener","workername":"filesystem_changelistener"}}]}
Thu Feb 24 2011 13:13:35 GMT+0100 (CET): {"event":{"method":"POST","path":"/lively_events/worker_ready/load_document","parameters":{}},"triggeredWorkers":[]}
Thu Feb 24 2011 13:13:35 GMT+0100 (CET): {"event":{"method":"POST","path":"/lively_events/worker_ready/filesystem_changelistener","parameters":{}},"triggeredWorkers":[]}
Thu Feb 24 2011 13:13:35 GMT+0100 (CET): {"event":{"method":"POST","path":"/lively_events/worker_written","parameters":{"docid":"emit_document","workername":"emit_document"}},"triggeredWorkers":[{"worker":"reset_worker","parameters":{"docid":"emit_document","workername":"emit_document"}}]}
Thu Feb 24 2011 13:13:35 GMT+0100 (CET): {"event":{"method":"POST","path":"/lively_events/worker_ready/emit_document","parameters":{}},"triggeredWorkers":[]}
Thu Feb 24 2011 13:13:35 GMT+0100 (CET): {"event":{"method":"POST","path":"/lively_events/worker_written","parameters":{"docid":"config_emitter","workername":"config_emitter"}},"triggeredWorkers":[{"worker":"reset_worker","parameters":{"docid":"config_emitter","workername":"config_emitter"}}]}
Thu Feb 24 2011 13:13:35 GMT+0100 (CET): {"event":{"method":"POST","path":"/lively_events/worker_ready/config_emitter","parameters":{}},"triggeredWorkers":[]}
Thu Feb 24 2011 13:13:35 GMT+0100 (CET): {"event":{"method":"POST","path":"/lively_events/worker_written","parameters":{"docid":"changelistener","workername":"changelistener"}},"triggeredWorkers":[{"worker":"reset_worker","parameters":{"docid":"changelistener","workername":"changelistener"}}]}
Thu Feb 24 2011 13:13:35 GMT+0100 (CET): {"event":{"method":"POST","path":"/lively_events/worker_ready/changelistener","parameters":{}},"triggeredWorkers":[]}
Thu Feb 24 2011 13:13:35 GMT+0100 (CET): {"event":{"method":"POST","path":"/lively_events/worker_written","parameters":{"docid":"email","workername":"email"}},"triggeredWorkers":[{"worker":"reset_worker","parameters":{"docid":"email","workername":"email"}}]}
Thu Feb 24 2011 13:13:35 GMT+0100 (CET): {"event":{"method":"POST","path":"/lively_events/worker_ready/email","parameters":{}},"triggeredWorkers":[]}
Thu Feb 24 2011 13:13:35 GMT+0100 (CET): {"event":{"method":"POST","path":"/lively_events/worker_started/config_emitter","parameters":{"docid":"config_emitter","workername":"config_emitter"}},"triggeredWorkers":[]}
Thu Feb 24 2011 13:13:35 GMT+0100 (CET): {"event":{"method":"POST","path":"/lively_events/worker_executed/config_emitter","parameters":{"workername":"config_emitter"}},"triggeredWorkers":[]}
Thu Feb 24 2011 13:13:35 GMT+0100 (CET): {"event":{"method":"POST","path":"/config_emitter/worker_source_paths","parameters":{"paths":["/Users/mirkokiefer/Desktop/Code/Projects/livelycouch/workers-source/"]}},"triggeredWorkers":[{"worker":"worker_source_changelistener","parameters":{"paths":["/Users/mirkokiefer/Desktop/Code/Projects/livelycouch/workers-source/"]}}]}
Thu Feb 24 2011 13:13:35 GMT+0100 (CET): {"event":{"method":"POST","path":"/config_emitter/event_source_paths","parameters":{"paths":["/Users/mirkokiefer/Desktop/Code/Projects/livelycouch/event-subscribers/"]}},"triggeredWorkers":[{"worker":"filesystem_changelistener","parameters":{"paths":["/Users/mirkokiefer/Desktop/Code/Projects/livelycouch/event-subscribers/"],"listenerid":"event_source_changes","fileendings":[".json"],"mark_changed_on_start":false}}]}
Thu Feb 24 2011 13:13:35 GMT+0100 (CET): {"event":{"method":"POST","path":"/lively_events/worker_started/filesystem_changelistener","parameters":{"docid":"filesystem_changelistener","workername":"filesystem_changelistener"}},"triggeredWorkers":[]}
Thu Feb 24 2011 13:13:35 GMT+0100 (CET): {"event":{"method":"POST","path":"/lively_events/worker_executed/filesystem_changelistener","parameters":{"workername":"filesystem_changelistener"}},"triggeredWorkers":[]}
Thu Feb 24 2011 13:13:35 GMT+0100 (CET): {"event":{"method":"POST","path":"/lively_events/worker_stopped/config_emitter","parameters":{"workername":"config_emitter"}},"triggeredWorkers":[]}
Thu Feb 24 2011 13:13:35 GMT+0100 (CET): {"event":{"method":"POST","path":"/filesystem_changelistener/started","parameters":{"listenerid":"event_source_changes"}},"triggeredWorkers":[]}
Thu Feb 24 2011 13:14:10 GMT+0100 (CET): {"event":{"method":"POST","path":"/filesystem_changelistener/file_removed","parameters":{"listenerid":"event_source_changes","filepath":"/Users/mirkokiefer/Desktop/Code/Projects/livelycouch/event-subscribers/lively_stop_timer.json","fileending":".json","filename":"lively_stop_timer","foldername":"event-subscribers"}},"triggeredWorkers":[]}
Thu Feb 24 2011 13:14:20 GMT+0100 (CET): {"event":{"method":"POST","path":"/filesystem_changelistener/file_removed","parameters":{"listenerid":"event_source_changes","filepath":"/Users/mirkokiefer/Desktop/Code/Projects/livelycouch/event-subscribers/lively_start_timer.json","fileending":".json","filename":"lively_start_timer","foldername":"event-subscribers"}},"triggeredWorkers":[]}
Thu Feb 24 2011 13:14:20 GMT+0100 (CET): {"event":{"method":"POST","path":"/filesystem_changelistener/file_created","parameters":{"listenerid":"event_source_changes","filepath":"/Users/mirkokiefer/Desktop/Code/Projects/livelycouch/event-subscribers/lively_tset_timer.json","fileending":".json","filename":"lively_tset_timer","foldername":"event-subscribers"}},"triggeredWorkers":[{"worker":"load_document","parameters":{"db":"lively_subscribers","listenerid":"event_source_changes","filepath":"/Users/mirkokiefer/Desktop/Code/Projects/livelycouch/event-subscribers/lively_tset_timer.json","fileending":".json","filename":"lively_tset_timer","foldername":"event-subscribers"}}]}
Thu Feb 24 2011 13:14:20 GMT+0100 (CET): {"event":{"method":"POST","path":"/lively_events/worker_started/load_document","parameters":{"docid":"load_document","workername":"load_document"}},"triggeredWorkers":[]}
Thu Feb 24 2011 13:14:20 GMT+0100 (CET): {"event":{"method":"POST","path":"/lively_events/worker_executed/load_document","parameters":{"workername":"load_document"}},"triggeredWorkers":[]}
Thu Feb 24 2011 13:14:21 GMT+0100 (CET): {"event":{"method":"POST","path":"/load_document/document_loaded","parameters":{"filepath":"/Users/mirkokiefer/Desktop/Code/Projects/livelycouch/event-subscribers/lively_tset_timer.json","docid":"lively_tset_timer","db":"lively_subscribers"}},"triggeredWorkers":[]}
Thu Feb 24 2011 13:14:21 GMT+0100 (CET): {"event":{"method":"POST","path":"/lively_events/event_definitions_updated","parameters":{}},"triggeredWorkers":[]}
Thu Feb 24 2011 13:14:25 GMT+0100 (CET): {"event":{"method":"POST","path":"/filesystem_changelistener/file_created","parameters":{"listenerid":"event_source_changes","filepath":"/Users/mirkokiefer/Desktop/Code/Projects/livelycouch/event-subscribers/lively_test_timer.json","fileending":".json","filename":"lively_test_timer","foldername":"event-subscribers"}},"triggeredWorkers":[{"worker":"load_document","parameters":{"db":"lively_subscribers","listenerid":"event_source_changes","filepath":"/Users/mirkokiefer/Desktop/Code/Projects/livelycouch/event-subscribers/lively_test_timer.json","fileending":".json","filename":"lively_test_timer","foldername":"event-subscribers"}}]}
Thu Feb 24 2011 13:14:25 GMT+0100 (CET): {"event":{"method":"POST","path":"/filesystem_changelistener/file_removed","parameters":{"listenerid":"event_source_changes","filepath":"/Users/mirkokiefer/Desktop/Code/Projects/livelycouch/event-subscribers/lively_tset_timer.json","fileending":".json","filename":"lively_tset_timer","foldername":"event-subscribers"}},"triggeredWorkers":[]}
Thu Feb 24 2011 13:14:25 GMT+0100 (CET): {"event":{"method":"POST","path":"/lively_events/worker_executed/load_document","parameters":{"workername":"load_document"}},"triggeredWorkers":[]}
Thu Feb 24 2011 13:14:25 GMT+0100 (CET): {"event":{"method":"POST","path":"/load_document/document_loaded","parameters":{"filepath":"/Users/mirkokiefer/Desktop/Code/Projects/livelycouch/event-subscribers/lively_test_timer.json","docid":"lively_test_timer","db":"lively_subscribers"}},"triggeredWorkers":[]}
Thu Feb 24 2011 13:14:25 GMT+0100 (CET): {"event":{"method":"POST","path":"/lively_events/event_definitions_updated","parameters":{}},"triggeredWorkers":[]}
Thu Feb 24 2011 13:14:35 GMT+0100 (CET): {"event":{"method":"POST","path":"/filesystem_changelistener/file_changed","parameters":{"listenerid":"event_source_changes","filepath":"/Users/mirkokiefer/Desktop/Code/Projects/livelycouch/event-subscribers/lively_test_timer.json","fileending":".json","filename":"lively_test_timer","foldername":"event-subscribers"}},"triggeredWorkers":[{"worker":"load_document","parameters":{"db":"lively_subscribers","listenerid":"event_source_changes","filepath":"/Users/mirkokiefer/Desktop/Code/Projects/livelycouch/event-subscribers/lively_test_timer.json","fileending":".json","filename":"lively_test_timer","foldername":"event-subscribers"}}]}
Thu Feb 24 2011 13:14:35 GMT+0100 (CET): {"event":{"method":"POST","path":"/lively_events/worker_executed/load_document","parameters":{"workername":"load_document"}},"triggeredWorkers":[]}
Thu Feb 24 2011 13:14:35 GMT+0100 (CET): {"event":{"method":"POST","path":"/load_document/document_loaded","parameters":{"filepath":"/Users/mirkokiefer/Desktop/Code/Projects/livelycouch/event-subscribers/lively_test_timer.json","docid":"lively_test_timer","db":"lively_subscribers"}},"triggeredWorkers":[]}
Thu Feb 24 2011 13:14:35 GMT+0100 (CET): {"event":{"method":"POST","path":"/lively_events/event_definitions_updated","parameters":{}},"triggeredWorkers":[]}
Thu Feb 24 2011 13:15:10 GMT+0100 (CET): {"event":{"method":"POST","path":"/filesystem_changelistener/file_changed","parameters":{"listenerid":"event_source_changes","filepath":"/Users/mirkokiefer/Desktop/Code/Projects/livelycouch/event-subscribers/lively_test_timer.json","fileending":".json","filename":"lively_test_timer","foldername":"event-subscribers"}},"triggeredWorkers":[{"worker":"load_document","parameters":{"db":"lively_subscribers","listenerid":"event_source_changes","filepath":"/Users/mirkokiefer/Desktop/Code/Projects/livelycouch/event-subscribers/lively_test_timer.json","fileending":".json","filename":"lively_test_timer","foldername":"event-subscribers"}}]}
Thu Feb 24 2011 13:15:10 GMT+0100 (CET): {"event":{"method":"POST","path":"/lively_events/worker_executed/load_document","parameters":{"workername":"load_document"}},"triggeredWorkers":[]}
Thu Feb 24 2011 13:15:11 GMT+0100 (CET): {"event":{"method":"POST","path":"/load_document/document_loaded","parameters":{"filepath":"/Users/mirkokiefer/Desktop/Code/Projects/livelycouch/event-subscribers/lively_test_timer.json","docid":"lively_test_timer","db":"lively_subscribers"}},"triggeredWorkers":[]}
Thu Feb 24 2011 13:15:11 GMT+0100 (CET): {"event":{"method":"POST","path":"/lively_events/event_definitions_updated","parameters":{}},"triggeredWorkers":[]}
Thu Feb 24 2011 13:16:01 GMT+0100 (CET): {"event":{"method":"POST","path":"/filesystem_changelistener/file_changed","parameters":{"listenerid":"event_source_changes","filepath":"/Users/mirkokiefer/Desktop/Code/Projects/livelycouch/event-subscribers/lively_test_timer.json","fileending":".json","filename":"lively_test_timer","foldername":"event-subscribers"}},"triggeredWorkers":[{"worker":"load_document","parameters":{"db":"lively_subscribers","listenerid":"event_source_changes","filepath":"/Users/mirkokiefer/Desktop/Code/Projects/livelycouch/event-subscribers/lively_test_timer.json","fileending":".json","filename":"lively_test_timer","foldername":"event-subscribers"}}]}
Thu Feb 24 2011 13:16:01 GMT+0100 (CET): {"event":{"method":"POST","path":"/lively_events/worker_executed/load_document","parameters":{"workername":"load_document"}},"triggeredWorkers":[]}
Thu Feb 24 2011 13:16:01 GMT+0100 (CET): {"event":{"method":"POST","path":"/lively_events/worker_stopped/load_document","parameters":{"workername":"load_document"}},"triggeredWorkers":[]}
Thu Feb 24 2011 13:16:01 GMT+0100 (CET): {"event":{"method":"POST","path":"/lively_events/worker_stopped/load_document","parameters":{"workername":"load_document"}},"triggeredWorkers":[]}
Thu Feb 24 2011 13:16:01 GMT+0100 (CET): {"event":{"method":"POST","path":"/lively_events/worker_stopped/load_document","parameters":{"workername":"load_document"}},"triggeredWorkers":[]}
Thu Feb 24 2011 13:16:01 GMT+0100 (CET): {"event":{"method":"POST","path":"/lively_events/worker_stopped/load_document","parameters":{"workername":"load_document"}},"triggeredWorkers":[]}
Thu Feb 24 2011 13:16:01 GMT+0100 (CET): {"event":{"method":"POST","path":"/lively_events/worker_stopped/load_document","parameters":{"workername":"load_document"}},"triggeredWorkers":[]}
Thu Feb 24 2011 13:16:16 GMT+0100 (CET): {"event":{"method":"POST","path":"/filesystem_changelistener/file_changed","parameters":{"listenerid":"event_source_changes","filepath":"/Users/mirkokiefer/Desktop/Code/Projects/livelycouch/event-subscribers/lively_test_timer.json","fileending":".json","filename":"lively_test_timer","foldername":"event-subscribers"}},"triggeredWorkers":[{"worker":"load_document","parameters":{"db":"lively_subscribers","listenerid":"event_source_changes","filepath":"/Users/mirkokiefer/Desktop/Code/Projects/livelycouch/event-subscribers/lively_test_timer.json","fileending":".json","filename":"lively_test_timer","foldername":"event-subscribers"}}]}
Thu Feb 24 2011 13:16:16 GMT+0100 (CET): {"event":{"method":"POST","path":"/lively_events/worker_started/load_document","parameters":{"docid":"load_document","workername":"load_document"}},"triggeredWorkers":[]}
Thu Feb 24 2011 13:16:16 GMT+0100 (CET): {"event":{"method":"POST","path":"/lively_events/worker_executed/load_document","parameters":{"workername":"load_document"}},"triggeredWorkers":[]}
Thu Feb 24 2011 13:16:16 GMT+0100 (CET): {"event":{"method":"POST","path":"/lively_events/worker_stopped/load_document","parameters":{"workername":"load_document"}},"triggeredWorkers":[]}
Thu Feb 24 2011 13:16:30 GMT+0100 (CET): {"event":{"method":"GET","path":"/timer","parameters":{}},"triggeredWorkers":[{"worker":"timer","parameters":{"interval":2,"event":"test_timer"}}]}
Thu Feb 24 2011 13:16:30 GMT+0100 (CET): {"event":{"method":"POST","path":"/lively_events/worker_started/timer","parameters":{"docid":"timer","workername":"timer"}},"triggeredWorkers":[]}
Thu Feb 24 2011 13:16:30 GMT+0100 (CET): {"event":{"method":"POST","path":"/lively_events/worker_executed/timer","parameters":{"workername":"timer"}},"triggeredWorkers":[]}
Thu Feb 24 2011 13:16:30 GMT+0100 (CET): {"event":{"method":"POST","path":"/lively_events/worker_stopped/timer","parameters":{"workername":"timer"}},"triggeredWorkers":[]}
Thu Feb 24 2011 13:17:21 GMT+0100 (CET): {"event":{"method":"POST","path":"/filesystem_changelistener/file_changed","parameters":{"listenerid":"event_source_changes","filepath":"/Users/mirkokiefer/Desktop/Code/Projects/livelycouch/event-subscribers/lively_test_timer.json","fileending":".json","filename":"lively_test_timer","foldername":"event-subscribers"}},"triggeredWorkers":[{"worker":"load_document","parameters":{"db":"lively_subscribers","listenerid":"event_source_changes","filepath":"/Users/mirkokiefer/Desktop/Code/Projects/livelycouch/event-subscribers/lively_test_timer.json","fileending":".json","filename":"lively_test_timer","foldername":"event-subscribers"}}]}
Thu Feb 24 2011 13:17:21 GMT+0100 (CET): {"event":{"method":"POST","path":"/lively_events/worker_started/load_document","parameters":{"docid":"load_document","workername":"load_document"}},"triggeredWorkers":[]}
Thu Feb 24 2011 13:17:21 GMT+0100 (CET): {"event":{"method":"POST","path":"/lively_events/worker_executed/load_document","parameters":{"workername":"load_document"}},"triggeredWorkers":[]}
Thu Feb 24 2011 13:17:21 GMT+0100 (CET): {"event":{"method":"POST","path":"/load_document/document_loaded","parameters":{"filepath":"/Users/mirkokiefer/Desktop/Code/Projects/livelycouch/event-subscribers/lively_test_timer.json","docid":"lively_test_timer","db":"lively_subscribers"}},"triggeredWorkers":[]}
Thu Feb 24 2011 13:17:21 GMT+0100 (CET): {"event":{"method":"POST","path":"/lively_events/event_definitions_updated","parameters":{}},"triggeredWorkers":[]}
Thu Feb 24 2011 13:17:49 GMT+0100 (CET): {"event":{"method":"POST","path":"/lively_events/event_definitions_updated","parameters":{}},"triggeredWorkers":[]}
Thu Feb 24 2011 13:17:49 GMT+0100 (CET): {"event":{"method":"POST","path":"/lively_events/lively_events_started","parameters":{}},"triggeredWorkers":[{"worker":"config_emitter","parameters":{}}]}
Thu Feb 24 2011 13:17:49 GMT+0100 (CET): {"event":{"method":"POST","path":"/lively_events/worker_changelistener_started","parameters":{}},"triggeredWorkers":[]}
Thu Feb 24 2011 13:17:49 GMT+0100 (CET): {"event":{"method":"POST","path":"/lively_events/worker_source_changed","parameters":{"workername":"messagerewriter"}},"triggeredWorkers":[{"worker":"write_worker_to_disk","parameters":{"workername":"messagerewriter"}}]}
Thu Feb 24 2011 13:17:49 GMT+0100 (CET): {"event":{"method":"POST","path":"/lively_events/worker_source_changed","parameters":{"workername":"writefiles"}},"triggeredWorkers":[{"worker":"write_worker_to_disk","parameters":{"workername":"writefiles"}}]}
Thu Feb 24 2011 13:17:49 GMT+0100 (CET): {"event":{"method":"POST","path":"/lively_events/worker_source_changed","parameters":{"workername":"write_handler"}},"triggeredWorkers":[{"worker":"write_worker_to_disk","parameters":{"workername":"write_handler"}}]}
Thu Feb 24 2011 13:17:49 GMT+0100 (CET): {"event":{"method":"POST","path":"/lively_events/worker_source_changed","parameters":{"workername":"timer"}},"triggeredWorkers":[{"worker":"write_worker_to_disk","parameters":{"workername":"timer"}}]}
Thu Feb 24 2011 13:17:49 GMT+0100 (CET): {"event":{"method":"POST","path":"/lively_events/worker_source_changed","parameters":{"workername":"loadfiles"}},"triggeredWorkers":[{"worker":"write_worker_to_disk","parameters":{"workername":"loadfiles"}}]}
Thu Feb 24 2011 13:17:49 GMT+0100 (CET): {"event":{"method":"POST","path":"/lively_events/worker_source_changed","parameters":{"workername":"load_document"}},"triggeredWorkers":[{"worker":"write_worker_to_disk","parameters":{"workername":"load_document"}}]}
Thu Feb 24 2011 13:17:49 GMT+0100 (CET): {"event":{"method":"POST","path":"/lively_events/worker_source_changed","parameters":{"workername":"filesystem_changelistener"}},"triggeredWorkers":[{"worker":"write_worker_to_disk","parameters":{"workername":"filesystem_changelistener"}}]}
Thu Feb 24 2011 13:17:49 GMT+0100 (CET): {"event":{"method":"POST","path":"/lively_events/worker_source_changed","parameters":{"workername":"emit_document"}},"triggeredWorkers":[{"worker":"write_worker_to_disk","parameters":{"workername":"emit_document"}}]}
Thu Feb 24 2011 13:17:49 GMT+0100 (CET): {"event":{"method":"POST","path":"/lively_events/worker_source_changed","parameters":{"workername":"email"}},"triggeredWorkers":[{"worker":"write_worker_to_disk","parameters":{"workername":"email"}}]}
Thu Feb 24 2011 13:17:49 GMT+0100 (CET): {"event":{"method":"POST","path":"/lively_events/worker_source_changed","parameters":{"workername":"config_emitter"}},"triggeredWorkers":[{"worker":"write_worker_to_disk","parameters":{"workername":"config_emitter"}}]}
Thu Feb 24 2011 13:17:49 GMT+0100 (CET): {"event":{"method":"POST","path":"/lively_events/worker_source_changed","parameters":{"workername":"changelistener"}},"triggeredWorkers":[{"worker":"write_worker_to_disk","parameters":{"workername":"changelistener"}}]}
Thu Feb 24 2011 13:17:49 GMT+0100 (CET): {"event":{"method":"POST","path":"/lively_events/worker_written","parameters":{"docid":"messagerewriter","workername":"messagerewriter"}},"triggeredWorkers":[{"worker":"reset_worker","parameters":{"docid":"messagerewriter","workername":"messagerewriter"}}]}
Thu Feb 24 2011 13:17:49 GMT+0100 (CET): {"event":{"method":"POST","path":"/lively_events/worker_ready/messagerewriter","parameters":{}},"triggeredWorkers":[]}
Thu Feb 24 2011 13:17:49 GMT+0100 (CET): {"event":{"method":"POST","path":"/lively_events/worker_written","parameters":{"docid":"writefiles","workername":"writefiles"}},"triggeredWorkers":[{"worker":"reset_worker","parameters":{"docid":"writefiles","workername":"writefiles"}}]}
Thu Feb 24 2011 13:17:49 GMT+0100 (CET): {"event":{"method":"POST","path":"/lively_events/worker_ready/writefiles","parameters":{}},"triggeredWorkers":[]}
Thu Feb 24 2011 13:17:49 GMT+0100 (CET): {"event":{"method":"POST","path":"/lively_events/worker_written","parameters":{"docid":"write_handler","workername":"write_handler"}},"triggeredWorkers":[{"worker":"reset_worker","parameters":{"docid":"write_handler","workername":"write_handler"}}]}
Thu Feb 24 2011 13:17:49 GMT+0100 (CET): {"event":{"method":"POST","path":"/lively_events/worker_ready/write_handler","parameters":{}},"triggeredWorkers":[]}
Thu Feb 24 2011 13:17:49 GMT+0100 (CET): {"event":{"method":"POST","path":"/lively_events/worker_written","parameters":{"docid":"timer","workername":"timer"}},"triggeredWorkers":[{"worker":"reset_worker","parameters":{"docid":"timer","workername":"timer"}}]}
Thu Feb 24 2011 13:17:49 GMT+0100 (CET): {"event":{"method":"POST","path":"/lively_events/worker_ready/timer","parameters":{}},"triggeredWorkers":[]}
Thu Feb 24 2011 13:17:49 GMT+0100 (CET): {"event":{"method":"POST","path":"/lively_events/worker_written","parameters":{"docid":"loadfiles","workername":"loadfiles"}},"triggeredWorkers":[{"worker":"reset_worker","parameters":{"docid":"loadfiles","workername":"loadfiles"}}]}
Thu Feb 24 2011 13:17:49 GMT+0100 (CET): {"event":{"method":"POST","path":"/lively_events/worker_ready/loadfiles","parameters":{}},"triggeredWorkers":[]}
Thu Feb 24 2011 13:17:49 GMT+0100 (CET): {"event":{"method":"POST","path":"/lively_events/worker_written","parameters":{"docid":"load_document","workername":"load_document"}},"triggeredWorkers":[{"worker":"reset_worker","parameters":{"docid":"load_document","workername":"load_document"}}]}
Thu Feb 24 2011 13:17:49 GMT+0100 (CET): {"event":{"method":"POST","path":"/lively_events/worker_ready/load_document","parameters":{}},"triggeredWorkers":[]}
Thu Feb 24 2011 13:17:49 GMT+0100 (CET): {"event":{"method":"POST","path":"/lively_events/worker_written","parameters":{"docid":"filesystem_changelistener","workername":"filesystem_changelistener"}},"triggeredWorkers":[{"worker":"reset_worker","parameters":{"docid":"filesystem_changelistener","workername":"filesystem_changelistener"}}]}
Thu Feb 24 2011 13:17:49 GMT+0100 (CET): {"event":{"method":"POST","path":"/lively_events/worker_ready/filesystem_changelistener","parameters":{}},"triggeredWorkers":[]}
Thu Feb 24 2011 13:17:49 GMT+0100 (CET): {"event":{"method":"POST","path":"/lively_events/worker_written","parameters":{"docid":"emit_document","workername":"emit_document"}},"triggeredWorkers":[{"worker":"reset_worker","parameters":{"docid":"emit_document","workername":"emit_document"}}]}
Thu Feb 24 2011 13:17:49 GMT+0100 (CET): {"event":{"method":"POST","path":"/lively_events/worker_ready/emit_document","parameters":{}},"triggeredWorkers":[]}
Thu Feb 24 2011 13:17:49 GMT+0100 (CET): {"event":{"method":"POST","path":"/lively_events/worker_written","parameters":{"docid":"config_emitter","workername":"config_emitter"}},"triggeredWorkers":[{"worker":"reset_worker","parameters":{"docid":"config_emitter","workername":"config_emitter"}}]}
Thu Feb 24 2011 13:17:49 GMT+0100 (CET): {"event":{"method":"POST","path":"/lively_events/worker_ready/config_emitter","parameters":{}},"triggeredWorkers":[]}
Thu Feb 24 2011 13:17:49 GMT+0100 (CET): {"event":{"method":"POST","path":"/lively_events/worker_written","parameters":{"docid":"changelistener","workername":"changelistener"}},"triggeredWorkers":[{"worker":"reset_worker","parameters":{"docid":"changelistener","workername":"changelistener"}}]}
Thu Feb 24 2011 13:17:49 GMT+0100 (CET): {"event":{"method":"POST","path":"/lively_events/worker_ready/changelistener","parameters":{}},"triggeredWorkers":[]}
Thu Feb 24 2011 13:17:49 GMT+0100 (CET): {"event":{"method":"POST","path":"/lively_events/worker_written","parameters":{"docid":"email","workername":"email"}},"triggeredWorkers":[{"worker":"reset_worker","parameters":{"docid":"email","workername":"email"}}]}
Thu Feb 24 2011 13:17:49 GMT+0100 (CET): {"event":{"method":"POST","path":"/lively_events/worker_ready/email","parameters":{}},"triggeredWorkers":[]}
Thu Feb 24 2011 13:17:49 GMT+0100 (CET): {"event":{"method":"POST","path":"/lively_events/worker_started/config_emitter","parameters":{"docid":"config_emitter","workername":"config_emitter"}},"triggeredWorkers":[]}
Thu Feb 24 2011 13:17:49 GMT+0100 (CET): {"event":{"method":"POST","path":"/lively_events/worker_executed/config_emitter","parameters":{"workername":"config_emitter"}},"triggeredWorkers":[]}
Thu Feb 24 2011 13:17:49 GMT+0100 (CET): {"event":{"method":"POST","path":"/config_emitter/worker_source_paths","parameters":{"paths":["/Users/mirkokiefer/Desktop/Code/Projects/livelycouch/workers-source/"]}},"triggeredWorkers":[{"worker":"worker_source_changelistener","parameters":{"paths":["/Users/mirkokiefer/Desktop/Code/Projects/livelycouch/workers-source/"]}}]}
Thu Feb 24 2011 13:17:49 GMT+0100 (CET): {"event":{"method":"POST","path":"/config_emitter/event_source_paths","parameters":{"paths":["/Users/mirkokiefer/Desktop/Code/Projects/livelycouch/event-subscribers/"]}},"triggeredWorkers":[{"worker":"filesystem_changelistener","parameters":{"paths":["/Users/mirkokiefer/Desktop/Code/Projects/livelycouch/event-subscribers/"],"listenerid":"event_source_changes","fileendings":[".json"],"mark_changed_on_start":false}}]}
Thu Feb 24 2011 13:17:49 GMT+0100 (CET): {"event":{"method":"POST","path":"/lively_events/worker_stopped/config_emitter","parameters":{"workername":"config_emitter"}},"triggeredWorkers":[]}
Thu Feb 24 2011 13:17:49 GMT+0100 (CET): {"event":{"method":"POST","path":"/lively_events/worker_started/filesystem_changelistener","parameters":{"docid":"filesystem_changelistener","workername":"filesystem_changelistener"}},"triggeredWorkers":[]}
Thu Feb 24 2011 13:17:49 GMT+0100 (CET): {"event":{"method":"POST","path":"/lively_events/worker_executed/filesystem_changelistener","parameters":{"workername":"filesystem_changelistener"}},"triggeredWorkers":[]}
Thu Feb 24 2011 13:17:50 GMT+0100 (CET): {"event":{"method":"POST","path":"/filesystem_changelistener/started","parameters":{"listenerid":"event_source_changes"}},"triggeredWorkers":[]}
Thu Feb 24 2011 13:18:00 GMT+0100 (CET): {"event":{"method":"POST","path":"/lively_events/event_definitions_updated","parameters":{}},"triggeredWorkers":[]}
Thu Feb 24 2011 13:18:00 GMT+0100 (CET): {"event":{"method":"POST","path":"/lively_events/lively_events_started","parameters":{}},"triggeredWorkers":[{"worker":"config_emitter","parameters":{}}]}
Thu Feb 24 2011 13:18:00 GMT+0100 (CET): {"event":{"method":"POST","path":"/lively_events/worker_changelistener_started","parameters":{}},"triggeredWorkers":[]}
Thu Feb 24 2011 13:18:00 GMT+0100 (CET): {"event":{"method":"POST","path":"/lively_events/worker_source_changed","parameters":{"workername":"messagerewriter"}},"triggeredWorkers":[{"worker":"write_worker_to_disk","parameters":{"workername":"messagerewriter"}}]}
Thu Feb 24 2011 13:18:00 GMT+0100 (CET): {"event":{"method":"POST","path":"/lively_events/worker_source_changed","parameters":{"workername":"writefiles"}},"triggeredWorkers":[{"worker":"write_worker_to_disk","parameters":{"workername":"writefiles"}}]}
Thu Feb 24 2011 13:18:00 GMT+0100 (CET): {"event":{"method":"POST","path":"/lively_events/worker_source_changed","parameters":{"workername":"write_handler"}},"triggeredWorkers":[{"worker":"write_worker_to_disk","parameters":{"workername":"write_handler"}}]}
Thu Feb 24 2011 13:18:00 GMT+0100 (CET): {"event":{"method":"POST","path":"/lively_events/worker_source_changed","parameters":{"workername":"timer"}},"triggeredWorkers":[{"worker":"write_worker_to_disk","parameters":{"workername":"timer"}}]}
Thu Feb 24 2011 13:18:00 GMT+0100 (CET): {"event":{"method":"POST","path":"/lively_events/worker_source_changed","parameters":{"workername":"loadfiles"}},"triggeredWorkers":[{"worker":"write_worker_to_disk","parameters":{"workername":"loadfiles"}}]}
Thu Feb 24 2011 13:18:00 GMT+0100 (CET): {"event":{"method":"POST","path":"/lively_events/worker_source_changed","parameters":{"workername":"load_document"}},"triggeredWorkers":[{"worker":"write_worker_to_disk","parameters":{"workername":"load_document"}}]}
Thu Feb 24 2011 13:18:00 GMT+0100 (CET): {"event":{"method":"POST","path":"/lively_events/worker_source_changed","parameters":{"workername":"filesystem_changelistener"}},"triggeredWorkers":[{"worker":"write_worker_to_disk","parameters":{"workername":"filesystem_changelistener"}}]}
Thu Feb 24 2011 13:18:00 GMT+0100 (CET): {"event":{"method":"POST","path":"/lively_events/worker_source_changed","parameters":{"workername":"emit_document"}},"triggeredWorkers":[{"worker":"write_worker_to_disk","parameters":{"workername":"emit_document"}}]}
Thu Feb 24 2011 13:18:00 GMT+0100 (CET): {"event":{"method":"POST","path":"/lively_events/worker_source_changed","parameters":{"workername":"email"}},"triggeredWorkers":[{"worker":"write_worker_to_disk","parameters":{"workername":"email"}}]}
Thu Feb 24 2011 13:18:00 GMT+0100 (CET): {"event":{"method":"POST","path":"/lively_events/worker_source_changed","parameters":{"workername":"config_emitter"}},"triggeredWorkers":[{"worker":"write_worker_to_disk","parameters":{"workername":"config_emitter"}}]}
Thu Feb 24 2011 13:18:00 GMT+0100 (CET): {"event":{"method":"POST","path":"/lively_events/worker_source_changed","parameters":{"workername":"changelistener"}},"triggeredWorkers":[{"worker":"write_worker_to_disk","parameters":{"workername":"changelistener"}}]}
Thu Feb 24 2011 13:18:00 GMT+0100 (CET): {"event":{"method":"POST","path":"/lively_events/worker_written","parameters":{"docid":"messagerewriter","workername":"messagerewriter"}},"triggeredWorkers":[{"worker":"reset_worker","parameters":{"docid":"messagerewriter","workername":"messagerewriter"}}]}
Thu Feb 24 2011 13:18:00 GMT+0100 (CET): {"event":{"method":"POST","path":"/lively_events/worker_ready/messagerewriter","parameters":{}},"triggeredWorkers":[]}
Thu Feb 24 2011 13:18:00 GMT+0100 (CET): {"event":{"method":"POST","path":"/lively_events/worker_written","parameters":{"docid":"writefiles","workername":"writefiles"}},"triggeredWorkers":[{"worker":"reset_worker","parameters":{"docid":"writefiles","workername":"writefiles"}}]}
Thu Feb 24 2011 13:18:00 GMT+0100 (CET): {"event":{"method":"POST","path":"/lively_events/worker_ready/writefiles","parameters":{}},"triggeredWorkers":[]}
Thu Feb 24 2011 13:18:00 GMT+0100 (CET): {"event":{"method":"POST","path":"/lively_events/worker_written","parameters":{"docid":"write_handler","workername":"write_handler"}},"triggeredWorkers":[{"worker":"reset_worker","parameters":{"docid":"write_handler","workername":"write_handler"}}]}
Thu Feb 24 2011 13:18:00 GMT+0100 (CET): {"event":{"method":"POST","path":"/lively_events/worker_ready/write_handler","parameters":{}},"triggeredWorkers":[]}
Thu Feb 24 2011 13:18:00 GMT+0100 (CET): {"event":{"method":"POST","path":"/lively_events/worker_written","parameters":{"docid":"timer","workername":"timer"}},"triggeredWorkers":[{"worker":"reset_worker","parameters":{"docid":"timer","workername":"timer"}}]}
Thu Feb 24 2011 13:18:00 GMT+0100 (CET): {"event":{"method":"POST","path":"/lively_events/worker_ready/timer","parameters":{}},"triggeredWorkers":[]}
Thu Feb 24 2011 13:18:00 GMT+0100 (CET): {"event":{"method":"POST","path":"/lively_events/worker_written","parameters":{"docid":"loadfiles","workername":"loadfiles"}},"triggeredWorkers":[{"worker":"reset_worker","parameters":{"docid":"loadfiles","workername":"loadfiles"}}]}
Thu Feb 24 2011 13:18:00 GMT+0100 (CET): {"event":{"method":"POST","path":"/lively_events/worker_ready/loadfiles","parameters":{}},"triggeredWorkers":[]}
Thu Feb 24 2011 13:18:00 GMT+0100 (CET): {"event":{"method":"POST","path":"/lively_events/worker_written","parameters":{"docid":"load_document","workername":"load_document"}},"triggeredWorkers":[{"worker":"reset_worker","parameters":{"docid":"load_document","workername":"load_document"}}]}
Thu Feb 24 2011 13:18:00 GMT+0100 (CET): {"event":{"method":"POST","path":"/lively_events/worker_ready/load_document","parameters":{}},"triggeredWorkers":[]}
Thu Feb 24 2011 13:18:00 GMT+0100 (CET): {"event":{"method":"POST","path":"/lively_events/worker_written","parameters":{"docid":"filesystem_changelistener","workername":"filesystem_changelistener"}},"triggeredWorkers":[{"worker":"reset_worker","parameters":{"docid":"filesystem_changelistener","workername":"filesystem_changelistener"}}]}
Thu Feb 24 2011 13:18:00 GMT+0100 (CET): {"event":{"method":"POST","path":"/lively_events/worker_ready/filesystem_changelistener","parameters":{}},"triggeredWorkers":[]}
Thu Feb 24 2011 13:18:00 GMT+0100 (CET): {"event":{"method":"POST","path":"/lively_events/worker_written","parameters":{"docid":"emit_document","workername":"emit_document"}},"triggeredWorkers":[{"worker":"reset_worker","parameters":{"docid":"emit_document","workername":"emit_document"}}]}
Thu Feb 24 2011 13:18:00 GMT+0100 (CET): {"event":{"method":"POST","path":"/lively_events/worker_ready/emit_document","parameters":{}},"triggeredWorkers":[]}
Thu Feb 24 2011 13:18:00 GMT+0100 (CET): {"event":{"method":"POST","path":"/lively_events/worker_written","parameters":{"docid":"config_emitter","workername":"config_emitter"}},"triggeredWorkers":[{"worker":"reset_worker","parameters":{"docid":"config_emitter","workername":"config_emitter"}}]}
Thu Feb 24 2011 13:18:00 GMT+0100 (CET): {"event":{"method":"POST","path":"/lively_events/worker_ready/config_emitter","parameters":{}},"triggeredWorkers":[]}
Thu Feb 24 2011 13:18:00 GMT+0100 (CET): {"event":{"method":"POST","path":"/lively_events/worker_written","parameters":{"docid":"changelistener","workername":"changelistener"}},"triggeredWorkers":[{"worker":"reset_worker","parameters":{"docid":"changelistener","workername":"changelistener"}}]}
Thu Feb 24 2011 13:18:00 GMT+0100 (CET): {"event":{"method":"POST","path":"/lively_events/worker_ready/changelistener","parameters":{}},"triggeredWorkers":[]}
Thu Feb 24 2011 13:18:00 GMT+0100 (CET): {"event":{"method":"POST","path":"/lively_events/worker_written","parameters":{"docid":"email","workername":"email"}},"triggeredWorkers":[{"worker":"reset_worker","parameters":{"docid":"email","workername":"email"}}]}
Thu Feb 24 2011 13:18:00 GMT+0100 (CET): {"event":{"method":"POST","path":"/lively_events/worker_ready/email","parameters":{}},"triggeredWorkers":[]}
Thu Feb 24 2011 13:18:00 GMT+0100 (CET): {"event":{"method":"POST","path":"/lively_events/worker_started/config_emitter","parameters":{"docid":"config_emitter","workername":"config_emitter"}},"triggeredWorkers":[]}
Thu Feb 24 2011 13:18:00 GMT+0100 (CET): {"event":{"method":"POST","path":"/lively_events/worker_executed/config_emitter","parameters":{"workername":"config_emitter"}},"triggeredWorkers":[]}
Thu Feb 24 2011 13:18:00 GMT+0100 (CET): {"event":{"method":"POST","path":"/config_emitter/worker_source_paths","parameters":{"paths":["/Users/mirkokiefer/Desktop/Code/Projects/livelycouch/workers-source/"]}},"triggeredWorkers":[{"worker":"worker_source_changelistener","parameters":{"paths":["/Users/mirkokiefer/Desktop/Code/Projects/livelycouch/workers-source/"]}}]}
Thu Feb 24 2011 13:18:00 GMT+0100 (CET): {"event":{"method":"POST","path":"/config_emitter/event_source_paths","parameters":{"paths":["/Users/mirkokiefer/Desktop/Code/Projects/livelycouch/event-subscribers/"]}},"triggeredWorkers":[{"worker":"filesystem_changelistener","parameters":{"paths":["/Users/mirkokiefer/Desktop/Code/Projects/livelycouch/event-subscribers/"],"listenerid":"event_source_changes","fileendings":[".json"],"mark_changed_on_start":false}}]}
Thu Feb 24 2011 13:18:00 GMT+0100 (CET): {"event":{"method":"POST","path":"/lively_events/worker_stopped/config_emitter","parameters":{"workername":"config_emitter"}},"triggeredWorkers":[]}
Thu Feb 24 2011 13:18:00 GMT+0100 (CET): {"event":{"method":"POST","path":"/lively_events/worker_started/filesystem_changelistener","parameters":{"docid":"filesystem_changelistener","workername":"filesystem_changelistener"}},"triggeredWorkers":[]}
Thu Feb 24 2011 13:18:00 GMT+0100 (CET): {"event":{"method":"POST","path":"/lively_events/worker_executed/filesystem_changelistener","parameters":{"workername":"filesystem_changelistener"}},"triggeredWorkers":[]}
Thu Feb 24 2011 13:18:01 GMT+0100 (CET): {"event":{"method":"POST","path":"/filesystem_changelistener/started","parameters":{"listenerid":"event_source_changes"}},"triggeredWorkers":[]}
Thu Feb 24 2011 13:18:10 GMT+0100 (CET): {"event":{"method":"POST","path":"/lively_events/event_definitions_updated","parameters":{}},"triggeredWorkers":[]}
Thu Feb 24 2011 13:18:10 GMT+0100 (CET): {"event":{"method":"POST","path":"/lively_events/lively_events_started","parameters":{}},"triggeredWorkers":[{"worker":"config_emitter","parameters":{}}]}
Thu Feb 24 2011 13:18:10 GMT+0100 (CET): {"event":{"method":"POST","path":"/lively_events/worker_changelistener_started","parameters":{}},"triggeredWorkers":[]}
Thu Feb 24 2011 13:18:10 GMT+0100 (CET): {"event":{"method":"POST","path":"/lively_events/worker_source_changed","parameters":{"workername":"messagerewriter"}},"triggeredWorkers":[{"worker":"write_worker_to_disk","parameters":{"workername":"messagerewriter"}}]}
Thu Feb 24 2011 13:18:10 GMT+0100 (CET): {"event":{"method":"POST","path":"/lively_events/worker_source_changed","parameters":{"workername":"writefiles"}},"triggeredWorkers":[{"worker":"write_worker_to_disk","parameters":{"workername":"writefiles"}}]}
Thu Feb 24 2011 13:18:10 GMT+0100 (CET): {"event":{"method":"POST","path":"/lively_events/worker_source_changed","parameters":{"workername":"write_handler"}},"triggeredWorkers":[{"worker":"write_worker_to_disk","parameters":{"workername":"write_handler"}}]}
Thu Feb 24 2011 13:18:10 GMT+0100 (CET): {"event":{"method":"POST","path":"/lively_events/worker_source_changed","parameters":{"workername":"timer"}},"triggeredWorkers":[{"worker":"write_worker_to_disk","parameters":{"workername":"timer"}}]}
Thu Feb 24 2011 13:18:10 GMT+0100 (CET): {"event":{"method":"POST","path":"/lively_events/worker_source_changed","parameters":{"workername":"loadfiles"}},"triggeredWorkers":[{"worker":"write_worker_to_disk","parameters":{"workername":"loadfiles"}}]}
Thu Feb 24 2011 13:18:10 GMT+0100 (CET): {"event":{"method":"POST","path":"/lively_events/worker_source_changed","parameters":{"workername":"load_document"}},"triggeredWorkers":[{"worker":"write_worker_to_disk","parameters":{"workername":"load_document"}}]}
Thu Feb 24 2011 13:18:10 GMT+0100 (CET): {"event":{"method":"POST","path":"/lively_events/worker_source_changed","parameters":{"workername":"filesystem_changelistener"}},"triggeredWorkers":[{"worker":"write_worker_to_disk","parameters":{"workername":"filesystem_changelistener"}}]}
Thu Feb 24 2011 13:18:10 GMT+0100 (CET): {"event":{"method":"POST","path":"/lively_events/worker_source_changed","parameters":{"workername":"emit_document"}},"triggeredWorkers":[{"worker":"write_worker_to_disk","parameters":{"workername":"emit_document"}}]}
Thu Feb 24 2011 13:18:10 GMT+0100 (CET): {"event":{"method":"POST","path":"/lively_events/worker_source_changed","parameters":{"workername":"email"}},"triggeredWorkers":[{"worker":"write_worker_to_disk","parameters":{"workername":"email"}}]}
Thu Feb 24 2011 13:18:10 GMT+0100 (CET): {"event":{"method":"POST","path":"/lively_events/worker_source_changed","parameters":{"workername":"config_emitter"}},"triggeredWorkers":[{"worker":"write_worker_to_disk","parameters":{"workername":"config_emitter"}}]}
Thu Feb 24 2011 13:18:10 GMT+0100 (CET): {"event":{"method":"POST","path":"/lively_events/worker_source_changed","parameters":{"workername":"changelistener"}},"triggeredWorkers":[{"worker":"write_worker_to_disk","parameters":{"workername":"changelistener"}}]}
Thu Feb 24 2011 13:18:10 GMT+0100 (CET): {"event":{"method":"POST","path":"/lively_events/worker_written","parameters":{"docid":"messagerewriter","workername":"messagerewriter"}},"triggeredWorkers":[{"worker":"reset_worker","parameters":{"docid":"messagerewriter","workername":"messagerewriter"}}]}
Thu Feb 24 2011 13:18:10 GMT+0100 (CET): {"event":{"method":"POST","path":"/lively_events/worker_ready/messagerewriter","parameters":{}},"triggeredWorkers":[]}
Thu Feb 24 2011 13:18:10 GMT+0100 (CET): {"event":{"method":"POST","path":"/lively_events/worker_written","parameters":{"docid":"writefiles","workername":"writefiles"}},"triggeredWorkers":[{"worker":"reset_worker","parameters":{"docid":"writefiles","workername":"writefiles"}}]}
Thu Feb 24 2011 13:18:10 GMT+0100 (CET): {"event":{"method":"POST","path":"/lively_events/worker_ready/writefiles","parameters":{}},"triggeredWorkers":[]}
Thu Feb 24 2011 13:18:10 GMT+0100 (CET): {"event":{"method":"POST","path":"/lively_events/worker_written","parameters":{"docid":"write_handler","workername":"write_handler"}},"triggeredWorkers":[{"worker":"reset_worker","parameters":{"docid":"write_handler","workername":"write_handler"}}]}
Thu Feb 24 2011 13:18:10 GMT+0100 (CET): {"event":{"method":"POST","path":"/lively_events/worker_ready/write_handler","parameters":{}},"triggeredWorkers":[]}
Thu Feb 24 2011 13:18:10 GMT+0100 (CET): {"event":{"method":"POST","path":"/lively_events/worker_written","parameters":{"docid":"timer","workername":"timer"}},"triggeredWorkers":[{"worker":"reset_worker","parameters":{"docid":"timer","workername":"timer"}}]}
Thu Feb 24 2011 13:18:10 GMT+0100 (CET): {"event":{"method":"POST","path":"/lively_events/worker_ready/timer","parameters":{}},"triggeredWorkers":[]}
Thu Feb 24 2011 13:18:10 GMT+0100 (CET): {"event":{"method":"POST","path":"/lively_events/worker_written","parameters":{"docid":"loadfiles","workername":"loadfiles"}},"triggeredWorkers":[{"worker":"reset_worker","parameters":{"docid":"loadfiles","workername":"loadfiles"}}]}
Thu Feb 24 2011 13:18:10 GMT+0100 (CET): {"event":{"method":"POST","path":"/lively_events/worker_ready/loadfiles","parameters":{}},"triggeredWorkers":[]}
Thu Feb 24 2011 13:18:10 GMT+0100 (CET): {"event":{"method":"POST","path":"/lively_events/worker_written","parameters":{"docid":"load_document","workername":"load_document"}},"triggeredWorkers":[{"worker":"reset_worker","parameters":{"docid":"load_document","workername":"load_document"}}]}
Thu Feb 24 2011 13:18:10 GMT+0100 (CET): {"event":{"method":"POST","path":"/lively_events/worker_ready/load_document","parameters":{}},"triggeredWorkers":[]}
Thu Feb 24 2011 13:18:10 GMT+0100 (CET): {"event":{"method":"POST","path":"/lively_events/worker_written","parameters":{"docid":"filesystem_changelistener","workername":"filesystem_changelistener"}},"triggeredWorkers":[{"worker":"reset_worker","parameters":{"docid":"filesystem_changelistener","workername":"filesystem_changelistener"}}]}
Thu Feb 24 2011 13:18:10 GMT+0100 (CET): {"event":{"method":"POST","path":"/lively_events/worker_ready/filesystem_changelistener","parameters":{}},"triggeredWorkers":[]}
Thu Feb 24 2011 13:18:10 GMT+0100 (CET): {"event":{"method":"POST","path":"/lively_events/worker_written","parameters":{"docid":"emit_document","workername":"emit_document"}},"triggeredWorkers":[{"worker":"reset_worker","parameters":{"docid":"emit_document","workername":"emit_document"}}]}
Thu Feb 24 2011 13:18:10 GMT+0100 (CET): {"event":{"method":"POST","path":"/lively_events/worker_ready/emit_document","parameters":{}},"triggeredWorkers":[]}
Thu Feb 24 2011 13:18:10 GMT+0100 (CET): {"event":{"method":"POST","path":"/lively_events/worker_written","parameters":{"docid":"config_emitter","workername":"config_emitter"}},"triggeredWorkers":[{"worker":"reset_worker","parameters":{"docid":"config_emitter","workername":"config_emitter"}}]}
Thu Feb 24 2011 13:18:10 GMT+0100 (CET): {"event":{"method":"POST","path":"/lively_events/worker_ready/config_emitter","parameters":{}},"triggeredWorkers":[]}
Thu Feb 24 2011 13:18:10 GMT+0100 (CET): {"event":{"method":"POST","path":"/lively_events/worker_written","parameters":{"docid":"changelistener","workername":"changelistener"}},"triggeredWorkers":[{"worker":"reset_worker","parameters":{"docid":"changelistener","workername":"changelistener"}}]}
Thu Feb 24 2011 13:18:10 GMT+0100 (CET): {"event":{"method":"POST","path":"/lively_events/worker_ready/changelistener","parameters":{}},"triggeredWorkers":[]}
Thu Feb 24 2011 13:18:10 GMT+0100 (CET): {"event":{"method":"POST","path":"/lively_events/worker_written","parameters":{"docid":"email","workername":"email"}},"triggeredWorkers":[{"worker":"reset_worker","parameters":{"docid":"email","workername":"email"}}]}
Thu Feb 24 2011 13:18:10 GMT+0100 (CET): {"event":{"method":"POST","path":"/lively_events/worker_ready/email","parameters":{}},"triggeredWorkers":[]}
Thu Feb 24 2011 13:18:10 GMT+0100 (CET): {"event":{"method":"POST","path":"/lively_events/worker_started/config_emitter","parameters":{"docid":"config_emitter","workername":"config_emitter"}},"triggeredWorkers":[]}
Thu Feb 24 2011 13:18:10 GMT+0100 (CET): {"event":{"method":"POST","path":"/lively_events/worker_executed/config_emitter","parameters":{"workername":"config_emitter"}},"triggeredWorkers":[]}
Thu Feb 24 2011 13:18:10 GMT+0100 (CET): {"event":{"method":"POST","path":"/config_emitter/worker_source_paths","parameters":{"paths":["/Users/mirkokiefer/Desktop/Code/Projects/livelycouch/workers-source/"]}},"triggeredWorkers":[{"worker":"worker_source_changelistener","parameters":{"paths":["/Users/mirkokiefer/Desktop/Code/Projects/livelycouch/workers-source/"]}}]}
Thu Feb 24 2011 13:18:10 GMT+0100 (CET): {"event":{"method":"POST","path":"/config_emitter/event_source_paths","parameters":{"paths":["/Users/mirkokiefer/Desktop/Code/Projects/livelycouch/event-subscribers/"]}},"triggeredWorkers":[{"worker":"filesystem_changelistener","parameters":{"paths":["/Users/mirkokiefer/Desktop/Code/Projects/livelycouch/event-subscribers/"],"listenerid":"event_source_changes","fileendings":[".json"],"mark_changed_on_start":false}}]}
Thu Feb 24 2011 13:18:10 GMT+0100 (CET): {"event":{"method":"POST","path":"/lively_events/worker_started/filesystem_changelistener","parameters":{"docid":"filesystem_changelistener","workername":"filesystem_changelistener"}},"triggeredWorkers":[]}
Thu Feb 24 2011 13:18:10 GMT+0100 (CET): {"event":{"method":"POST","path":"/lively_events/worker_executed/filesystem_changelistener","parameters":{"workername":"filesystem_changelistener"}},"triggeredWorkers":[]}
Thu Feb 24 2011 13:18:10 GMT+0100 (CET): {"event":{"method":"POST","path":"/lively_events/worker_stopped/config_emitter","parameters":{"workername":"config_emitter"}},"triggeredWorkers":[]}
Thu Feb 24 2011 13:18:10 GMT+0100 (CET): {"event":{"method":"POST","path":"/filesystem_changelistener/started","parameters":{"listenerid":"event_source_changes"}},"triggeredWorkers":[]}
Thu Feb 24 2011 13:18:12 GMT+0100 (CET): {"event":{"method":"POST","path":"/lively_events/event_definitions_updated","parameters":{}},"triggeredWorkers":[]}
Thu Feb 24 2011 13:18:12 GMT+0100 (CET): {"event":{"method":"POST","path":"/lively_events/lively_events_started","parameters":{}},"triggeredWorkers":[{"worker":"config_emitter","parameters":{}}]}
Thu Feb 24 2011 13:18:12 GMT+0100 (CET): {"event":{"method":"POST","path":"/lively_events/worker_changelistener_started","parameters":{}},"triggeredWorkers":[]}
Thu Feb 24 2011 13:18:12 GMT+0100 (CET): {"event":{"method":"POST","path":"/lively_events/worker_source_changed","parameters":{"workername":"messagerewriter"}},"triggeredWorkers":[{"worker":"write_worker_to_disk","parameters":{"workername":"messagerewriter"}}]}
Thu Feb 24 2011 13:18:12 GMT+0100 (CET): {"event":{"method":"POST","path":"/lively_events/worker_source_changed","parameters":{"workername":"writefiles"}},"triggeredWorkers":[{"worker":"write_worker_to_disk","parameters":{"workername":"writefiles"}}]}
Thu Feb 24 2011 13:18:12 GMT+0100 (CET): {"event":{"method":"POST","path":"/lively_events/worker_source_changed","parameters":{"workername":"write_handler"}},"triggeredWorkers":[{"worker":"write_worker_to_disk","parameters":{"workername":"write_handler"}}]}
Thu Feb 24 2011 13:18:12 GMT+0100 (CET): {"event":{"method":"POST","path":"/lively_events/worker_source_changed","parameters":{"workername":"timer"}},"triggeredWorkers":[{"worker":"write_worker_to_disk","parameters":{"workername":"timer"}}]}
Thu Feb 24 2011 13:18:12 GMT+0100 (CET): {"event":{"method":"POST","path":"/lively_events/worker_source_changed","parameters":{"workername":"loadfiles"}},"triggeredWorkers":[{"worker":"write_worker_to_disk","parameters":{"workername":"loadfiles"}}]}
Thu Feb 24 2011 13:18:12 GMT+0100 (CET): {"event":{"method":"POST","path":"/lively_events/worker_source_changed","parameters":{"workername":"load_document"}},"triggeredWorkers":[{"worker":"write_worker_to_disk","parameters":{"workername":"load_document"}}]}
Thu Feb 24 2011 13:18:12 GMT+0100 (CET): {"event":{"method":"POST","path":"/lively_events/worker_source_changed","parameters":{"workername":"filesystem_changelistener"}},"triggeredWorkers":[{"worker":"write_worker_to_disk","parameters":{"workername":"filesystem_changelistener"}}]}
Thu Feb 24 2011 13:18:12 GMT+0100 (CET): {"event":{"method":"POST","path":"/lively_events/worker_source_changed","parameters":{"workername":"emit_document"}},"triggeredWorkers":[{"worker":"write_worker_to_disk","parameters":{"workername":"emit_document"}}]}
Thu Feb 24 2011 13:18:12 GMT+0100 (CET): {"event":{"method":"POST","path":"/lively_events/worker_source_changed","parameters":{"workername":"email"}},"triggeredWorkers":[{"worker":"write_worker_to_disk","parameters":{"workername":"email"}}]}
Thu Feb 24 2011 13:18:12 GMT+0100 (CET): {"event":{"method":"POST","path":"/lively_events/worker_source_changed","parameters":{"workername":"config_emitter"}},"triggeredWorkers":[{"worker":"write_worker_to_disk","parameters":{"workername":"config_emitter"}}]}
Thu Feb 24 2011 13:18:12 GMT+0100 (CET): {"event":{"method":"POST","path":"/lively_events/worker_source_changed","parameters":{"workername":"changelistener"}},"triggeredWorkers":[{"worker":"write_worker_to_disk","parameters":{"workername":"changelistener"}}]}
Thu Feb 24 2011 13:18:12 GMT+0100 (CET): {"event":{"method":"POST","path":"/lively_events/worker_written","parameters":{"docid":"messagerewriter","workername":"messagerewriter"}},"triggeredWorkers":[{"worker":"reset_worker","parameters":{"docid":"messagerewriter","workername":"messagerewriter"}}]}
Thu Feb 24 2011 13:18:12 GMT+0100 (CET): {"event":{"method":"POST","path":"/lively_events/worker_ready/messagerewriter","parameters":{}},"triggeredWorkers":[]}
Thu Feb 24 2011 13:18:12 GMT+0100 (CET): {"event":{"method":"POST","path":"/lively_events/worker_written","parameters":{"docid":"writefiles","workername":"writefiles"}},"triggeredWorkers":[{"worker":"reset_worker","parameters":{"docid":"writefiles","workername":"writefiles"}}]}
Thu Feb 24 2011 13:18:12 GMT+0100 (CET): {"event":{"method":"POST","path":"/lively_events/worker_ready/writefiles","parameters":{}},"triggeredWorkers":[]}
Thu Feb 24 2011 13:18:12 GMT+0100 (CET): {"event":{"method":"POST","path":"/lively_events/worker_written","parameters":{"docid":"write_handler","workername":"write_handler"}},"triggeredWorkers":[{"worker":"reset_worker","parameters":{"docid":"write_handler","workername":"write_handler"}}]}
Thu Feb 24 2011 13:18:12 GMT+0100 (CET): {"event":{"method":"POST","path":"/lively_events/worker_ready/write_handler","parameters":{}},"triggeredWorkers":[]}
Thu Feb 24 2011 13:18:12 GMT+0100 (CET): {"event":{"method":"POST","path":"/lively_events/worker_written","parameters":{"docid":"timer","workername":"timer"}},"triggeredWorkers":[{"worker":"reset_worker","parameters":{"docid":"timer","workername":"timer"}}]}
Thu Feb 24 2011 13:18:12 GMT+0100 (CET): {"event":{"method":"POST","path":"/lively_events/worker_ready/timer","parameters":{}},"triggeredWorkers":[]}
Thu Feb 24 2011 13:18:12 GMT+0100 (CET): {"event":{"method":"POST","path":"/lively_events/worker_written","parameters":{"docid":"loadfiles","workername":"loadfiles"}},"triggeredWorkers":[{"worker":"reset_worker","parameters":{"docid":"loadfiles","workername":"loadfiles"}}]}
Thu Feb 24 2011 13:18:12 GMT+0100 (CET): {"event":{"method":"POST","path":"/lively_events/worker_ready/loadfiles","parameters":{}},"triggeredWorkers":[]}
Thu Feb 24 2011 13:18:12 GMT+0100 (CET): {"event":{"method":"POST","path":"/lively_events/worker_written","parameters":{"docid":"load_document","workername":"load_document"}},"triggeredWorkers":[{"worker":"reset_worker","parameters":{"docid":"load_document","workername":"load_document"}}]}
Thu Feb 24 2011 13:18:12 GMT+0100 (CET): {"event":{"method":"POST","path":"/lively_events/worker_ready/load_document","parameters":{}},"triggeredWorkers":[]}
Thu Feb 24 2011 13:18:12 GMT+0100 (CET): {"event":{"method":"POST","path":"/lively_events/worker_written","parameters":{"docid":"filesystem_changelistener","workername":"filesystem_changelistener"}},"triggeredWorkers":[{"worker":"reset_worker","parameters":{"docid":"filesystem_changelistener","workername":"filesystem_changelistener"}}]}
Thu Feb 24 2011 13:18:12 GMT+0100 (CET): {"event":{"method":"POST","path":"/lively_events/worker_written","parameters":{"docid":"emit_document","workername":"emit_document"}},"triggeredWorkers":[{"worker":"reset_worker","parameters":{"docid":"emit_document","workername":"emit_document"}}]}
Thu Feb 24 2011 13:18:12 GMT+0100 (CET): {"event":{"method":"POST","path":"/lively_events/worker_ready/filesystem_changelistener","parameters":{}},"triggeredWorkers":[]}
Thu Feb 24 2011 13:18:12 GMT+0100 (CET): {"event":{"method":"POST","path":"/lively_events/worker_ready/emit_document","parameters":{}},"triggeredWorkers":[]}
Thu Feb 24 2011 13:18:12 GMT+0100 (CET): {"event":{"method":"POST","path":"/lively_events/worker_written","parameters":{"docid":"config_emitter","workername":"config_emitter"}},"triggeredWorkers":[{"worker":"reset_worker","parameters":{"docid":"config_emitter","workername":"config_emitter"}}]}
Thu Feb 24 2011 13:18:12 GMT+0100 (CET): {"event":{"method":"POST","path":"/lively_events/worker_ready/config_emitter","parameters":{}},"triggeredWorkers":[]}
Thu Feb 24 2011 13:18:12 GMT+0100 (CET): {"event":{"method":"POST","path":"/lively_events/worker_written","parameters":{"docid":"changelistener","workername":"changelistener"}},"triggeredWorkers":[{"worker":"reset_worker","parameters":{"docid":"changelistener","workername":"changelistener"}}]}
Thu Feb 24 2011 13:18:12 GMT+0100 (CET): {"event":{"method":"POST","path":"/lively_events/worker_ready/changelistener","parameters":{}},"triggeredWorkers":[]}
Thu Feb 24 2011 13:18:12 GMT+0100 (CET): {"event":{"method":"POST","path":"/lively_events/worker_written","parameters":{"docid":"email","workername":"email"}},"triggeredWorkers":[{"worker":"reset_worker","parameters":{"docid":"email","workername":"email"}}]}
Thu Feb 24 2011 13:18:12 GMT+0100 (CET): {"event":{"method":"POST","path":"/lively_events/worker_ready/email","parameters":{}},"triggeredWorkers":[]}
Thu Feb 24 2011 13:18:12 GMT+0100 (CET): {"event":{"method":"POST","path":"/lively_events/worker_started/config_emitter","parameters":{"docid":"config_emitter","workername":"config_emitter"}},"triggeredWorkers":[]}
Thu Feb 24 2011 13:18:12 GMT+0100 (CET): {"event":{"method":"POST","path":"/lively_events/worker_executed/config_emitter","parameters":{"workername":"config_emitter"}},"triggeredWorkers":[]}
Thu Feb 24 2011 13:18:12 GMT+0100 (CET): {"event":{"method":"POST","path":"/config_emitter/worker_source_paths","parameters":{"paths":["/Users/mirkokiefer/Desktop/Code/Projects/livelycouch/workers-source/"]}},"triggeredWorkers":[{"worker":"worker_source_changelistener","parameters":{"paths":["/Users/mirkokiefer/Desktop/Code/Projects/livelycouch/workers-source/"]}}]}
Thu Feb 24 2011 13:18:12 GMT+0100 (CET): {"event":{"method":"POST","path":"/config_emitter/event_source_paths","parameters":{"paths":["/Users/mirkokiefer/Desktop/Code/Projects/livelycouch/event-subscribers/"]}},"triggeredWorkers":[{"worker":"filesystem_changelistener","parameters":{"paths":["/Users/mirkokiefer/Desktop/Code/Projects/livelycouch/event-subscribers/"],"listenerid":"event_source_changes","fileendings":[".json"],"mark_changed_on_start":false}}]}
Thu Feb 24 2011 13:18:12 GMT+0100 (CET): {"event":{"method":"POST","path":"/lively_events/worker_stopped/config_emitter","parameters":{"workername":"config_emitter"}},"triggeredWorkers":[]}
Thu Feb 24 2011 13:18:12 GMT+0100 (CET): {"event":{"method":"POST","path":"/lively_events/worker_started/filesystem_changelistener","parameters":{"docid":"filesystem_changelistener","workername":"filesystem_changelistener"}},"triggeredWorkers":[]}
Thu Feb 24 2011 13:18:12 GMT+0100 (CET): {"event":{"method":"POST","path":"/lively_events/worker_executed/filesystem_changelistener","parameters":{"workername":"filesystem_changelistener"}},"triggeredWorkers":[]}
Thu Feb 24 2011 13:18:12 GMT+0100 (CET): {"event":{"method":"POST","path":"/filesystem_changelistener/started","parameters":{"listenerid":"event_source_changes"}},"triggeredWorkers":[]}
Thu Feb 24 2011 13:18:22 GMT+0100 (CET): {"event":{"method":"POST","path":"/lively_events/event_definitions_updated","parameters":{}},"triggeredWorkers":[]}
Thu Feb 24 2011 13:18:22 GMT+0100 (CET): {"event":{"method":"POST","path":"/lively_events/lively_events_started","parameters":{}},"triggeredWorkers":[{"worker":"config_emitter","parameters":{}}]}
Thu Feb 24 2011 13:18:22 GMT+0100 (CET): {"event":{"method":"POST","path":"/lively_events/worker_changelistener_started","parameters":{}},"triggeredWorkers":[]}
Thu Feb 24 2011 13:18:22 GMT+0100 (CET): {"event":{"method":"POST","path":"/lively_events/worker_source_changed","parameters":{"workername":"messagerewriter"}},"triggeredWorkers":[{"worker":"write_worker_to_disk","parameters":{"workername":"messagerewriter"}}]}
Thu Feb 24 2011 13:18:22 GMT+0100 (CET): {"event":{"method":"POST","path":"/lively_events/worker_source_changed","parameters":{"workername":"writefiles"}},"triggeredWorkers":[{"worker":"write_worker_to_disk","parameters":{"workername":"writefiles"}}]}
Thu Feb 24 2011 13:18:22 GMT+0100 (CET): {"event":{"method":"POST","path":"/lively_events/worker_source_changed","parameters":{"workername":"write_handler"}},"triggeredWorkers":[{"worker":"write_worker_to_disk","parameters":{"workername":"write_handler"}}]}
Thu Feb 24 2011 13:18:22 GMT+0100 (CET): {"event":{"method":"POST","path":"/lively_events/worker_source_changed","parameters":{"workername":"timer"}},"triggeredWorkers":[{"worker":"write_worker_to_disk","parameters":{"workername":"timer"}}]}
Thu Feb 24 2011 13:18:22 GMT+0100 (CET): {"event":{"method":"POST","path":"/lively_events/worker_source_changed","parameters":{"workername":"loadfiles"}},"triggeredWorkers":[{"worker":"write_worker_to_disk","parameters":{"workername":"loadfiles"}}]}
Thu Feb 24 2011 13:18:22 GMT+0100 (CET): {"event":{"method":"POST","path":"/lively_events/worker_source_changed","parameters":{"workername":"load_document"}},"triggeredWorkers":[{"worker":"write_worker_to_disk","parameters":{"workername":"load_document"}}]}
Thu Feb 24 2011 13:18:22 GMT+0100 (CET): {"event":{"method":"POST","path":"/lively_events/worker_source_changed","parameters":{"workername":"filesystem_changelistener"}},"triggeredWorkers":[{"worker":"write_worker_to_disk","parameters":{"workername":"filesystem_changelistener"}}]}
Thu Feb 24 2011 13:18:22 GMT+0100 (CET): {"event":{"method":"POST","path":"/lively_events/worker_source_changed","parameters":{"workername":"emit_document"}},"triggeredWorkers":[{"worker":"write_worker_to_disk","parameters":{"workername":"emit_document"}}]}
Thu Feb 24 2011 13:18:22 GMT+0100 (CET): {"event":{"method":"POST","path":"/lively_events/worker_source_changed","parameters":{"workername":"email"}},"triggeredWorkers":[{"worker":"write_worker_to_disk","parameters":{"workername":"email"}}]}
Thu Feb 24 2011 13:18:22 GMT+0100 (CET): {"event":{"method":"POST","path":"/lively_events/worker_source_changed","parameters":{"workername":"config_emitter"}},"triggeredWorkers":[{"worker":"write_worker_to_disk","parameters":{"workername":"config_emitter"}}]}
Thu Feb 24 2011 13:18:22 GMT+0100 (CET): {"event":{"method":"POST","path":"/lively_events/worker_source_changed","parameters":{"workername":"changelistener"}},"triggeredWorkers":[{"worker":"write_worker_to_disk","parameters":{"workername":"changelistener"}}]}
Thu Feb 24 2011 13:18:22 GMT+0100 (CET): {"event":{"method":"POST","path":"/lively_events/worker_written","parameters":{"docid":"messagerewriter","workername":"messagerewriter"}},"triggeredWorkers":[{"worker":"reset_worker","parameters":{"docid":"messagerewriter","workername":"messagerewriter"}}]}
Thu Feb 24 2011 13:18:22 GMT+0100 (CET): {"event":{"method":"POST","path":"/lively_events/worker_ready/messagerewriter","parameters":{}},"triggeredWorkers":[]}
Thu Feb 24 2011 13:18:22 GMT+0100 (CET): {"event":{"method":"POST","path":"/lively_events/worker_written","parameters":{"docid":"writefiles","workername":"writefiles"}},"triggeredWorkers":[{"worker":"reset_worker","parameters":{"docid":"writefiles","workername":"writefiles"}}]}
Thu Feb 24 2011 13:18:22 GMT+0100 (CET): {"event":{"method":"POST","path":"/lively_events/worker_ready/writefiles","parameters":{}},"triggeredWorkers":[]}
Thu Feb 24 2011 13:18:22 GMT+0100 (CET): {"event":{"method":"POST","path":"/lively_events/worker_written","parameters":{"docid":"write_handler","workername":"write_handler"}},"triggeredWorkers":[{"worker":"reset_worker","parameters":{"docid":"write_handler","workername":"write_handler"}}]}
Thu Feb 24 2011 13:18:22 GMT+0100 (CET): {"event":{"method":"POST","path":"/lively_events/worker_ready/write_handler","parameters":{}},"triggeredWorkers":[]}
Thu Feb 24 2011 13:18:22 GMT+0100 (CET): {"event":{"method":"POST","path":"/lively_events/worker_written","parameters":{"docid":"timer","workername":"timer"}},"triggeredWorkers":[{"worker":"reset_worker","parameters":{"docid":"timer","workername":"timer"}}]}
Thu Feb 24 2011 13:18:22 GMT+0100 (CET): {"event":{"method":"POST","path":"/lively_events/worker_ready/timer","parameters":{}},"triggeredWorkers":[]}
Thu Feb 24 2011 13:18:22 GMT+0100 (CET): {"event":{"method":"POST","path":"/lively_events/worker_written","parameters":{"docid":"loadfiles","workername":"loadfiles"}},"triggeredWorkers":[{"worker":"reset_worker","parameters":{"docid":"loadfiles","workername":"loadfiles"}}]}
Thu Feb 24 2011 13:18:22 GMT+0100 (CET): {"event":{"method":"POST","path":"/lively_events/worker_ready/loadfiles","parameters":{}},"triggeredWorkers":[]}
Thu Feb 24 2011 13:18:22 GMT+0100 (CET): {"event":{"method":"POST","path":"/lively_events/worker_written","parameters":{"docid":"load_document","workername":"load_document"}},"triggeredWorkers":[{"worker":"reset_worker","parameters":{"docid":"load_document","workername":"load_document"}}]}
Thu Feb 24 2011 13:18:22 GMT+0100 (CET): {"event":{"method":"POST","path":"/lively_events/worker_written","parameters":{"docid":"filesystem_changelistener","workername":"filesystem_changelistener"}},"triggeredWorkers":[{"worker":"reset_worker","parameters":{"docid":"filesystem_changelistener","workername":"filesystem_changelistener"}}]}
Thu Feb 24 2011 13:18:22 GMT+0100 (CET): {"event":{"method":"POST","path":"/lively_events/worker_ready/load_document","parameters":{}},"triggeredWorkers":[]}
Thu Feb 24 2011 13:18:22 GMT+0100 (CET): {"event":{"method":"POST","path":"/lively_events/worker_ready/filesystem_changelistener","parameters":{}},"triggeredWorkers":[]}
Thu Feb 24 2011 13:18:22 GMT+0100 (CET): {"event":{"method":"POST","path":"/lively_events/worker_written","parameters":{"docid":"emit_document","workername":"emit_document"}},"triggeredWorkers":[{"worker":"reset_worker","parameters":{"docid":"emit_document","workername":"emit_document"}}]}
Thu Feb 24 2011 13:18:22 GMT+0100 (CET): {"event":{"method":"POST","path":"/lively_events/worker_ready/emit_document","parameters":{}},"triggeredWorkers":[]}
Thu Feb 24 2011 13:18:22 GMT+0100 (CET): {"event":{"method":"POST","path":"/lively_events/worker_written","parameters":{"docid":"config_emitter","workername":"config_emitter"}},"triggeredWorkers":[{"worker":"reset_worker","parameters":{"docid":"config_emitter","workername":"config_emitter"}}]}
Thu Feb 24 2011 13:18:22 GMT+0100 (CET): {"event":{"method":"POST","path":"/lively_events/worker_ready/config_emitter","parameters":{}},"triggeredWorkers":[]}
Thu Feb 24 2011 13:18:22 GMT+0100 (CET): {"event":{"method":"POST","path":"/lively_events/worker_written","parameters":{"docid":"changelistener","workername":"changelistener"}},"triggeredWorkers":[{"worker":"reset_worker","parameters":{"docid":"changelistener","workername":"changelistener"}}]}
Thu Feb 24 2011 13:18:22 GMT+0100 (CET): {"event":{"method":"POST","path":"/lively_events/worker_ready/changelistener","parameters":{}},"triggeredWorkers":[]}
Thu Feb 24 2011 13:18:22 GMT+0100 (CET): {"event":{"method":"POST","path":"/lively_events/worker_written","parameters":{"docid":"email","workername":"email"}},"triggeredWorkers":[{"worker":"reset_worker","parameters":{"docid":"email","workername":"email"}}]}
Thu Feb 24 2011 13:18:22 GMT+0100 (CET): {"event":{"method":"POST","path":"/lively_events/worker_ready/email","parameters":{}},"triggeredWorkers":[]}
Thu Feb 24 2011 13:18:22 GMT+0100 (CET): {"event":{"method":"POST","path":"/lively_events/worker_started/config_emitter","parameters":{"docid":"config_emitter","workername":"config_emitter"}},"triggeredWorkers":[]}
Thu Feb 24 2011 13:18:22 GMT+0100 (CET): {"event":{"method":"POST","path":"/lively_events/worker_executed/config_emitter","parameters":{"workername":"config_emitter"}},"triggeredWorkers":[]}
Thu Feb 24 2011 13:18:22 GMT+0100 (CET): {"event":{"method":"POST","path":"/config_emitter/worker_source_paths","parameters":{"paths":["/Users/mirkokiefer/Desktop/Code/Projects/livelycouch/workers-source/"]}},"triggeredWorkers":[{"worker":"worker_source_changelistener","parameters":{"paths":["/Users/mirkokiefer/Desktop/Code/Projects/livelycouch/workers-source/"]}}]}
Thu Feb 24 2011 13:18:22 GMT+0100 (CET): {"event":{"method":"POST","path":"/config_emitter/event_source_paths","parameters":{"paths":["/Users/mirkokiefer/Desktop/Code/Projects/livelycouch/event-subscribers/"]}},"triggeredWorkers":[{"worker":"filesystem_changelistener","parameters":{"paths":["/Users/mirkokiefer/Desktop/Code/Projects/livelycouch/event-subscribers/"],"listenerid":"event_source_changes","fileendings":[".json"],"mark_changed_on_start":false}}]}
Thu Feb 24 2011 13:18:22 GMT+0100 (CET): {"event":{"method":"POST","path":"/lively_events/worker_stopped/config_emitter","parameters":{"workername":"config_emitter"}},"triggeredWorkers":[]}
Thu Feb 24 2011 13:18:22 GMT+0100 (CET): {"event":{"method":"POST","path":"/lively_events/worker_started/filesystem_changelistener","parameters":{"docid":"filesystem_changelistener","workername":"filesystem_changelistener"}},"triggeredWorkers":[]}
Thu Feb 24 2011 13:18:22 GMT+0100 (CET): {"event":{"method":"POST","path":"/lively_events/worker_executed/filesystem_changelistener","parameters":{"workername":"filesystem_changelistener"}},"triggeredWorkers":[]}
Thu Feb 24 2011 13:18:22 GMT+0100 (CET): {"event":{"method":"POST","path":"/filesystem_changelistener/started","parameters":{"listenerid":"event_source_changes"}},"triggeredWorkers":[]}
Thu Feb 24 2011 13:18:47 GMT+0100 (CET): {"event":{"method":"GET","path":"/timer","parameters":{"timerid":5}},"triggeredWorkers":[{"worker":"timer","parameters":{"timerid":5,"interval":2,"event":"test_timer"}}]}
Thu Feb 24 2011 13:18:47 GMT+0100 (CET): {"event":{"method":"POST","path":"/lively_events/worker_started/timer","parameters":{"docid":"timer","workername":"timer"}},"triggeredWorkers":[]}
Thu Feb 24 2011 13:18:47 GMT+0100 (CET): {"event":{"method":"POST","path":"/lively_events/worker_executed/timer","parameters":{"workername":"timer"}},"triggeredWorkers":[]}
Thu Feb 24 2011 13:18:47 GMT+0100 (CET): {"event":{"method":"POST","path":"/lively_events/worker_stopped/timer","parameters":{"workername":"timer"}},"triggeredWorkers":[]}
Thu Feb 24 2011 13:19:52 GMT+0100 (CET): {"event":{"method":"POST","path":"/lively_events/worker_source_changed","parameters":{"workername":"timer"}},"triggeredWorkers":[{"worker":"write_worker_to_disk","parameters":{"workername":"timer"}}]}
Thu Feb 24 2011 13:19:52 GMT+0100 (CET): {"event":{"method":"POST","path":"/lively_events/worker_written","parameters":{"docid":"timer","workername":"timer"}},"triggeredWorkers":[{"worker":"reset_worker","parameters":{"docid":"timer","workername":"timer"}}]}
Thu Feb 24 2011 13:19:52 GMT+0100 (CET): {"event":{"method":"POST","path":"/lively_events/worker_ready/timer","parameters":{}},"triggeredWorkers":[]}
Thu Feb 24 2011 13:19:57 GMT+0100 (CET): {"event":{"method":"GET","path":"/timer","parameters":{"timerid":5}},"triggeredWorkers":[{"worker":"timer","parameters":{"timerid":5,"interval":2,"event":"test_timer"}}]}
Thu Feb 24 2011 13:19:57 GMT+0100 (CET): {"event":{"method":"POST","path":"/lively_events/worker_started/timer","parameters":{"docid":"timer","workername":"timer"}},"triggeredWorkers":[]}
Thu Feb 24 2011 13:19:57 GMT+0100 (CET): {"event":{"method":"POST","path":"/lively_events/worker_executed/timer","parameters":{"workername":"timer"}},"triggeredWorkers":[]}
Thu Feb 24 2011 13:19:57 GMT+0100 (CET): {"event":{"method":"POST","path":"/timer/started","parameters":{"timerid":5}},"triggeredWorkers":[]}
Thu Feb 24 2011 13:19:59 GMT+0100 (CET): {"event":{"method":"POST","path":"/lively_events/worker_stopped/timer","parameters":{"workername":"timer"}},"triggeredWorkers":[]}
Thu Feb 24 2011 13:20:27 GMT+0100 (CET): {"event":{"method":"POST","path":"/lively_events/worker_source_changed","parameters":{"workername":"timer"}},"triggeredWorkers":[{"worker":"write_worker_to_disk","parameters":{"workername":"timer"}}]}
Thu Feb 24 2011 13:20:27 GMT+0100 (CET): {"event":{"method":"POST","path":"/lively_events/worker_written","parameters":{"docid":"timer","workername":"timer"}},"triggeredWorkers":[{"worker":"reset_worker","parameters":{"docid":"timer","workername":"timer"}}]}
Thu Feb 24 2011 13:20:27 GMT+0100 (CET): {"event":{"method":"POST","path":"/lively_events/worker_ready/timer","parameters":{}},"triggeredWorkers":[]}
Thu Feb 24 2011 13:20:37 GMT+0100 (CET): {"event":{"method":"GET","path":"/timer","parameters":{"timerid":5}},"triggeredWorkers":[{"worker":"timer","parameters":{"timerid":5,"interval":2,"event":"test_timer"}}]}
Thu Feb 24 2011 13:20:37 GMT+0100 (CET): {"event":{"method":"POST","path":"/lively_events/worker_started/timer","parameters":{"docid":"timer","workername":"timer"}},"triggeredWorkers":[]}
Thu Feb 24 2011 13:20:37 GMT+0100 (CET): {"event":{"method":"POST","path":"/lively_events/worker_executed/timer","parameters":{"workername":"timer"}},"triggeredWorkers":[]}
Thu Feb 24 2011 13:20:37 GMT+0100 (CET): {"event":{"method":"POST","path":"/timer/started","parameters":{"timerid":5}},"triggeredWorkers":[]}
Thu Feb 24 2011 13:20:39 GMT+0100 (CET): {"event":{"method":"POST","path":"/timer/test_timer","parameters":{}},"triggeredWorkers":[]}
Thu Feb 24 2011 13:20:41 GMT+0100 (CET): {"event":{"method":"POST","path":"/timer/test_timer","parameters":{}},"triggeredWorkers":[]}
Thu Feb 24 2011 13:20:43 GMT+0100 (CET): {"event":{"method":"POST","path":"/timer/test_timer","parameters":{}},"triggeredWorkers":[]}
Thu Feb 24 2011 13:20:45 GMT+0100 (CET): {"event":{"method":"POST","path":"/timer/test_timer","parameters":{}},"triggeredWorkers":[]}
Thu Feb 24 2011 13:20:47 GMT+0100 (CET): {"event":{"method":"POST","path":"/timer/test_timer","parameters":{}},"triggeredWorkers":[]}
Thu Feb 24 2011 13:20:49 GMT+0100 (CET): {"event":{"method":"POST","path":"/timer/test_timer","parameters":{}},"triggeredWorkers":[]}
Thu Feb 24 2011 13:20:51 GMT+0100 (CET): {"event":{"method":"POST","path":"/timer/test_timer","parameters":{}},"triggeredWorkers":[]}
Thu Feb 24 2011 13:20:53 GMT+0100 (CET): {"event":{"method":"POST","path":"/timer/test_timer","parameters":{}},"triggeredWorkers":[]}
Thu Feb 24 2011 13:20:55 GMT+0100 (CET): {"event":{"method":"POST","path":"/timer/test_timer","parameters":{}},"triggeredWorkers":[]}
Thu Feb 24 2011 13:20:56 GMT+0100 (CET): {"event":{"method":"GET","path":"/timer","parameters":{"timerid":5,"stop":true}},"triggeredWorkers":[{"worker":"timer","parameters":{"timerid":5,"interval":2,"event":"test_timer","stop":true}}]}
Thu Feb 24 2011 13:20:56 GMT+0100 (CET): {"event":{"method":"POST","path":"/lively_events/worker_executed/timer","parameters":{"workername":"timer"}},"triggeredWorkers":[]}
Thu Feb 24 2011 13:20:56 GMT+0100 (CET): {"event":{"method":"POST","path":"/timer/stopped","parameters":{"timerid":5}},"triggeredWorkers":[]}
